<?xml version="1.0" encoding="UTF-8"?>
<testng-results skipped="0" failed="0" total="1" passed="1">
  <reporter-output>
  </reporter-output>
  <suite name="Default suite" duration-ms="13252" started-at="2016-04-17T19:09:36Z" finished-at="2016-04-17T19:09:50Z">
    <groups>
    </groups>
    <test name="Default test" duration-ms="13252" started-at="2016-04-17T19:09:36Z" finished-at="2016-04-17T19:09:50Z">
      <class name="w3schools.TestTableCell">
        <test-method status="PASS" signature="beforeMethod()[pri:0, instance:w3schools.TestTableCell@5419f379]" name="beforeMethod" is-config="true" duration-ms="11284" started-at="2016-04-17T15:09:36Z" finished-at="2016-04-17T15:09:48Z">
          <reporter-output>
          </reporter-output>
        </test-method> <!-- beforeMethod -->
        <test-method status="PASS" signature="f()[pri:0, instance:w3schools.TestTableCell@5419f379]" name="f" duration-ms="1922" started-at="2016-04-17T15:09:48Z" finished-at="2016-04-17T15:09:50Z">
          <reporter-output>
          </reporter-output>
        </test-method> <!-- f -->
        <test-method status="PASS" signature="afterMethod()[pri:0, instance:w3schools.TestTableCell@5419f379]" name="afterMethod" is-config="true" duration-ms="27" started-at="2016-04-17T15:09:50Z" finished-at="2016-04-17T15:09:50Z">
          <reporter-output>
          </reporter-output>
        </test-method> <!-- afterMethod -->
      </class> <!-- w3schools.TestTableCell -->
    </test> <!-- Default test -->
  </suite> <!-- Default suite -->
</testng-results>
